This is pdfTeX, Version 3.141592653-2.6-1.40.25 (MiKTeX 23.10.12) (preloaded format=pdflatex 2026.1.29)  15 APR 2026 10:55
entering extended mode
 restricted \write18 enabled.
 file:line:error style messages enabled.
 %&-line parsing enabled.
**c:/Users/drags/OneDrive/Desktop/MATH598/AnthologyOfMind.tex
(c:/Users/drags/OneDrive/Desktop/MATH598/AnthologyOfMind.tex
LaTeX2e <2023-11-01>
L3 programming layer <2023-11-09>
(C:\Users\drags\AppData\Local\Programs\MiKTeX\tex/latex/base\article.cls
Document Class: article 2023/05/17 v1.4n Standard LaTeX document class
(C:\Users\drags\AppData\Local\Programs\MiKTeX\tex/latex/base\size10.clo
File: size10.clo 2023/05/17 v1.4n Standard LaTeX file (size option)
)
\c@part=\count186
\c@section=\count187
\c@subsection=\count188
\c@subsubsection=\count189
\c@paragraph=\count190
\c@subparagraph=\count191
\c@figure=\count192
\c@table=\count193
\abovecaptionskip=\skip48
\belowcaptionskip=\skip49
\bibindent=\dimen140
) (C:\Users\drags\AppData\Local\Programs\MiKTeX\tex/latex/pdfpages\pdfpages.sty
Package: pdfpages 2024/01/21 v0.5y Insert pages of external PDF documents (AM)
 (C:\Users\drags\AppData\Local\Programs\MiKTeX\tex/latex/base\ifthen.sty
Package: ifthen 2022/04/13 v1.1d Standard LaTeX ifthen package (DPC)
) (C:\Users\drags\AppData\Local\Programs\MiKTeX\tex/latex/tools\calc.sty
Package: calc 2023/07/08 v4.3 Infix arithmetic (KKT,FJ)
\calc@Acount=\count194
\calc@Bcount=\count195
\calc@Adimen=\dimen141
\calc@Bdimen=\dimen142
\calc@Askip=\skip50
\calc@Bskip=\skip51
LaTeX Info: Redefining \setlength on input line 80.
LaTeX Info: Redefining \addtolength on input line 81.
\calc@Ccount=\count196
\calc@Cskip=\skip52
) (C:\Users\drags\AppData\Local\Programs\MiKTeX\tex/latex/eso-pic\eso-pic.sty
Package: eso-pic 2023/05/03 v3.0c eso-pic (RN)
\ESO@tempdima=\dimen143
\ESO@tempdimb=\dimen144
 (C:\Users\drags\AppData\Local\Programs\MiKTeX\tex/latex/graphics\keyval.sty
Package: keyval 2022/05/29 v1.15 key=value parser (DPC)
\KV@toks@=\toks17
) (C:\Users\drags\AppData\Local\Programs\MiKTeX\tex/latex/xcolor\xcolor.sty
Package: xcolor 2023/11/15 v3.01 LaTeX color extensions (UK)
 (C:\Users\drags\AppData\Local\Programs\MiKTeX\tex/latex/graphics-cfg\color.cfg
File: color.cfg 2016/01/02 v1.6 sample color configuration
)
Package xcolor Info: Driver file: pdftex.def on input line 274.
 (C:\Users\drags\AppData\Local\Programs\MiKTeX\tex/latex/graphics-def\pdftex.def
File: pdftex.def 2022/09/22 v1.2b Graphics/color driver for pdftex
) (C:\Users\drags\AppData\Local\Programs\MiKTeX\tex/latex/graphics\mathcolor.ltx)
Package xcolor Info: Model `cmy' substituted by `cmy0' on input line 1350.
Package xcolor Info: Model `hsb' substituted by `rgb' on input line 1354.
Package xcolor Info: Model `RGB' extended on input line 1366.
Package xcolor Info: Model `HTML' substituted by `rgb' on input line 1368.
Package xcolor Info: Model `Hsb' substituted by `hsb' on input line 1369.
Package xcolor Info: Model `tHsb' substituted by `hsb' on input line 1370.
Package xcolor Info: Model `HSB' substituted by `hsb' on input line 1371.
Package xcolor Info: Model `Gray' substituted by `gray' on input line 1372.
Package xcolor Info: Model `wave' substituted by `hsb' on input line 1373.
)) (C:\Users\drags\AppData\Local\Programs\MiKTeX\tex/latex/graphics\graphicx.sty
Package: graphicx 2021/09/16 v1.2d Enhanced LaTeX Graphics (DPC,SPQR)
 (C:\Users\drags\AppData\Local\Programs\MiKTeX\tex/latex/graphics\graphics.sty
Package: graphics 2022/03/10 v1.4e Standard LaTeX Graphics (DPC,SPQR)
 (C:\Users\drags\AppData\Local\Programs\MiKTeX\tex/latex/graphics\trig.sty
Package: trig 2021/08/11 v1.11 sin cos tan (DPC)
) (C:\Users\drags\AppData\Local\Programs\MiKTeX\tex/latex/graphics-cfg\graphics.cfg
File: graphics.cfg 2016/06/04 v1.11 sample graphics configuration
)
Package graphics Info: Driver file: pdftex.def on input line 107.
)
\Gin@req@height=\dimen145
\Gin@req@width=\dimen146
)
\AM@pagewidth=\dimen147
\AM@pageheight=\dimen148
\AM@fboxrule=\dimen149
 (C:\Users\drags\AppData\Local\Programs\MiKTeX\tex/latex/pdfpages\pppdftex.def
File: pppdftex.def 2024/01/21 v0.5y Pdfpages driver for pdfTeX (AM)
)
\pdfpages@includegraphics@status=\count197
\AM@pagebox=\box51
\AM@global@opts=\toks18
\AM@pagecnt=\count198
\AM@toc@title=\toks19
\AM@lof@heading=\toks20
\c@AM@survey=\count199
\AM@templatesizebox=\box52
) (C:\Users\drags\AppData\Local\Programs\MiKTeX\tex/latex/l3backend\l3backend-pdftex.def
File: l3backend-pdftex.def 2023-11-09 L3 backend support: PDF output (pdfTeX)
\l__color_backend_stack_int=\count266
\l__pdf_internal_box=\box53
) (AnthologyOfMind.aux)
\openout1 = `AnthologyOfMind.aux'.

LaTeX Font Info:    Checking defaults for OML/cmm/m/it on input line 4.
LaTeX Font Info:    ... okay on input line 4.
LaTeX Font Info:    Checking defaults for OMS/cmsy/m/n on input line 4.
LaTeX Font Info:    ... okay on input line 4.
LaTeX Font Info:    Checking defaults for OT1/cmr/m/n on input line 4.
LaTeX Font Info:    ... okay on input line 4.
LaTeX Font Info:    Checking defaults for T1/cmr/m/n on input line 4.
LaTeX Font Info:    ... okay on input line 4.
LaTeX Font Info:    Checking defaults for TS1/cmr/m/n on input line 4.
LaTeX Font Info:    ... okay on input line 4.
LaTeX Font Info:    Checking defaults for OMX/cmex/m/n on input line 4.
LaTeX Font Info:    ... okay on input line 4.
LaTeX Font Info:    Checking defaults for U/cmr/m/n on input line 4.
LaTeX Font Info:    ... okay on input line 4.
 (C:\Users\drags\AppData\Local\Programs\MiKTeX\tex/context/base/mkii\supp-pdf.mkii
[Loading MPS to PDF converter (version 2006.09.02).]
\scratchcounter=\count267
\scratchdimen=\dimen150
\scratchbox=\box54
\nofMPsegments=\count268
\nofMParguments=\count269
\everyMPshowfont=\toks21
\MPscratchCnt=\count270
\MPscratchDim=\dimen151
\MPnumerator=\count271
\makeMPintoPDFobject=\count272
\everyMPtoPDFconversion=\toks22
) (C:\Users\drags\AppData\Local\Programs\MiKTeX\tex/latex/epstopdf-pkg\epstopdf-base.sty
Package: epstopdf-base 2020-01-24 v2.11 Base part for package epstopdf
Package epstopdf-base Info: Redefining graphics rule for `.eps' on input line 485.
 (C:\Users\drags\AppData\Local\Programs\MiKTeX\tex/latex/00miktex\epstopdf-sys.cfg
File: epstopdf-sys.cfg 2021/03/18 v2.0 Configuration of epstopdf for MiKTeX
)) (C:\Users\drags\AppData\Local\Programs\MiKTeX\tex/latex/pdflscape\pdflscape.sty
Package: pdflscape 2022-10-27 v0.13 Display of landscape pages in PDF
 (C:\Users\drags\AppData\Local\Programs\MiKTeX\tex/latex/pdflscape\pdflscape-nometadata.sty
Package: pdflscape-nometadata 2022-10-28 v0.13 Display of landscape pages in PDF (HO)
 (C:\Users\drags\AppData\Local\Programs\MiKTeX\tex/generic/iftex\iftex.sty
Package: iftex 2022/02/03 v1.0f TeX engine tests
) (C:\Users\drags\AppData\Local\Programs\MiKTeX\tex/latex/graphics\lscape.sty
Package: lscape 2020/05/28 v3.02 Landscape Pages (DPC)
)
Package pdflscape Info: Auto-detected driver: pdftex on input line 81.
))
<AofM.pdf, id=1, 614.295pt x 794.97pt>
File: AofM.pdf Graphic file (type pdf)
<use AofM.pdf>
Package pdftex.def Info: AofM.pdf  used on input line 5.
(pdftex.def)             Requested size: 614.29349pt x 794.96806pt.
File: AofM.pdf Graphic file (type pdf)
<use AofM.pdf>
Package pdftex.def Info: AofM.pdf  used on input line 5.
(pdftex.def)             Requested size: 614.29349pt x 794.96806pt.
<AofM.pdf, id=4, page=8, 614.295pt x 794.97pt>
File: AofM.pdf Graphic file (type pdf)
<use AofM.pdf, page 8>
Package pdftex.def Info: AofM.pdf , page8 used on input line 5.
(pdftex.def)             Requested size: 614.29349pt x 794.96806pt.
File: AofM.pdf Graphic file (type pdf)
<use AofM.pdf, page 8>
Package pdftex.def Info: AofM.pdf , page8 used on input line 5.
(pdftex.def)             Requested size: 397.67479pt x 514.63799pt.
File: AofM.pdf Graphic file (type pdf)
<use AofM.pdf, page 8>
Package pdftex.def Info: AofM.pdf , page8 used on input line 5.
(pdftex.def)             Requested size: 397.67479pt x 514.63799pt.
File: AofM.pdf Graphic file (type pdf)
<use AofM.pdf, page 8>
Package pdftex.def Info: AofM.pdf , page8 used on input line 5.
(pdftex.def)             Requested size: 397.67479pt x 514.63799pt.
<AofM.pdf, id=5, page=1, 614.295pt x 794.97pt>
File: AofM.pdf Graphic file (type pdf)
<use AofM.pdf, page 1>
Package pdftex.def Info: AofM.pdf , page1 used on input line 5.
(pdftex.def)             Requested size: 397.67479pt x 514.63799pt.
File: AofM.pdf Graphic file (type pdf)
<use AofM.pdf, page 1>
Package pdftex.def Info: AofM.pdf , page1 used on input line 5.
(pdftex.def)             Requested size: 397.67479pt x 514.63799pt.
File: AofM.pdf Graphic file (type pdf)
<use AofM.pdf, page 8>
Package pdftex.def Info: AofM.pdf , page8 used on input line 5.
(pdftex.def)             Requested size: 397.67479pt x 514.63799pt.
File: AofM.pdf Graphic file (type pdf)
<use AofM.pdf, page 1>
Package pdftex.def Info: AofM.pdf , page1 used on input line 5.
(pdftex.def)             Requested size: 397.67479pt x 514.63799pt.
 [1


 <./AofM.pdf> <./AofM.pdf>]
<AofM.pdf, id=18, page=7, 614.295pt x 794.97pt>
File: AofM.pdf Graphic file (type pdf)
<use AofM.pdf, page 7>
Package pdftex.def Info: AofM.pdf , page7 used on input line 5.
(pdftex.def)             Requested size: 397.67479pt x 514.63799pt.
File: AofM.pdf Graphic file (type pdf)
<use AofM.pdf, page 7>
Package pdftex.def Info: AofM.pdf , page7 used on input line 5.
(pdftex.def)             Requested size: 397.67479pt x 514.63799pt.
<AofM.pdf, id=19, page=2, 614.295pt x 794.97pt>
File: AofM.pdf Graphic file (type pdf)
<use AofM.pdf, page 2>
Package pdftex.def Info: AofM.pdf , page2 used on input line 5.
(pdftex.def)             Requested size: 397.67479pt x 514.63799pt.
File: AofM.pdf Graphic file (type pdf)
<use AofM.pdf, page 2>
Package pdftex.def Info: AofM.pdf , page2 used on input line 5.
(pdftex.def)             Requested size: 397.67479pt x 514.63799pt.
File: AofM.pdf Graphic file (type pdf)
<use AofM.pdf, page 7>
Package pdftex.def Info: AofM.pdf , page7 used on input line 5.
(pdftex.def)             Requested size: 397.67479pt x 514.63799pt.
File: AofM.pdf Graphic file (type pdf)
<use AofM.pdf, page 2>
Package pdftex.def Info: AofM.pdf , page2 used on input line 5.
(pdftex.def)             Requested size: 397.67479pt x 514.63799pt.
 [2

 <./AofM.pdf> <./AofM.pdf>]
<AofM.pdf, id=23, page=6, 614.295pt x 794.97pt>
File: AofM.pdf Graphic file (type pdf)
<use AofM.pdf, page 6>
Package pdftex.def Info: AofM.pdf , page6 used on input line 5.
(pdftex.def)             Requested size: 397.67479pt x 514.63799pt.
File: AofM.pdf Graphic file (type pdf)
<use AofM.pdf, page 6>
Package pdftex.def Info: AofM.pdf , page6 used on input line 5.
(pdftex.def)             Requested size: 397.67479pt x 514.63799pt.
<AofM.pdf, id=24, page=3, 614.295pt x 794.97pt>
File: AofM.pdf Graphic file (type pdf)
<use AofM.pdf, page 3>
Package pdftex.def Info: AofM.pdf , page3 used on input line 5.
(pdftex.def)             Requested size: 397.67479pt x 514.63799pt.
File: AofM.pdf Graphic file (type pdf)
<use AofM.pdf, page 3>
Package pdftex.def Info: AofM.pdf , page3 used on input line 5.
(pdftex.def)             Requested size: 397.67479pt x 514.63799pt.
File: AofM.pdf Graphic file (type pdf)
<use AofM.pdf, page 6>
Package pdftex.def Info: AofM.pdf , page6 used on input line 5.
(pdftex.def)             Requested size: 397.67479pt x 514.63799pt.
File: AofM.pdf Graphic file (type pdf)
<use AofM.pdf, page 3>
Package pdftex.def Info: AofM.pdf , page3 used on input line 5.
(pdftex.def)             Requested size: 397.67479pt x 514.63799pt.
 [3

 <./AofM.pdf> <./AofM.pdf>]
<AofM.pdf, id=28, page=5, 614.295pt x 794.97pt>
File: AofM.pdf Graphic file (type pdf)
<use AofM.pdf, page 5>
Package pdftex.def Info: AofM.pdf , page5 used on input line 5.
(pdftex.def)             Requested size: 397.67479pt x 514.63799pt.
File: AofM.pdf Graphic file (type pdf)
<use AofM.pdf, page 5>
Package pdftex.def Info: AofM.pdf , page5 used on input line 5.
(pdftex.def)             Requested size: 397.67479pt x 514.63799pt.
<AofM.pdf, id=29, page=4, 614.295pt x 794.97pt>
File: AofM.pdf Graphic file (type pdf)
<use AofM.pdf, page 4>
Package pdftex.def Info: AofM.pdf , page4 used on input line 5.
(pdftex.def)             Requested size: 397.67479pt x 514.63799pt.
File: AofM.pdf Graphic file (type pdf)
<use AofM.pdf, page 4>
Package pdftex.def Info: AofM.pdf , page4 used on input line 5.
(pdftex.def)             Requested size: 397.67479pt x 514.63799pt.
File: AofM.pdf Graphic file (type pdf)
<use AofM.pdf, page 5>
Package pdftex.def Info: AofM.pdf , page5 used on input line 5.
(pdftex.def)             Requested size: 397.67479pt x 514.63799pt.
File: AofM.pdf Graphic file (type pdf)
<use AofM.pdf, page 4>
Package pdftex.def Info: AofM.pdf , page4 used on input line 5.
(pdftex.def)             Requested size: 397.67479pt x 514.63799pt.
 [4

 <./AofM.pdf> <./AofM.pdf>]
<AofM.pdf, id=33, page=16, 614.295pt x 794.97pt>
File: AofM.pdf Graphic file (type pdf)
<use AofM.pdf, page 16>
Package pdftex.def Info: AofM.pdf , page16 used on input line 5.
(pdftex.def)             Requested size: 397.67479pt x 514.63799pt.
File: AofM.pdf Graphic file (type pdf)
<use AofM.pdf, page 16>
Package pdftex.def Info: AofM.pdf , page16 used on input line 5.
(pdftex.def)             Requested size: 397.67479pt x 514.63799pt.
<AofM.pdf, id=34, page=9, 614.295pt x 794.97pt>
File: AofM.pdf Graphic file (type pdf)
<use AofM.pdf, page 9>
Package pdftex.def Info: AofM.pdf , page9 used on input line 5.
(pdftex.def)             Requested size: 397.67479pt x 514.63799pt.
File: AofM.pdf Graphic file (type pdf)
<use AofM.pdf, page 9>
Package pdftex.def Info: AofM.pdf , page9 used on input line 5.
(pdftex.def)             Requested size: 397.67479pt x 514.63799pt.
File: AofM.pdf Graphic file (type pdf)
<use AofM.pdf, page 16>
Package pdftex.def Info: AofM.pdf , page16 used on input line 5.
(pdftex.def)             Requested size: 397.67479pt x 514.63799pt.
File: AofM.pdf Graphic file (type pdf)
<use AofM.pdf, page 9>
Package pdftex.def Info: AofM.pdf , page9 used on input line 5.
(pdftex.def)             Requested size: 397.67479pt x 514.63799pt.
 [5

 <./AofM.pdf> <./AofM.pdf>]
<AofM.pdf, id=38, page=15, 614.295pt x 794.97pt>
File: AofM.pdf Graphic file (type pdf)
<use AofM.pdf, page 15>
Package pdftex.def Info: AofM.pdf , page15 used on input line 5.
(pdftex.def)             Requested size: 397.67479pt x 514.63799pt.
File: AofM.pdf Graphic file (type pdf)
<use AofM.pdf, page 15>
Package pdftex.def Info: AofM.pdf , page15 used on input line 5.
(pdftex.def)             Requested size: 397.67479pt x 514.63799pt.
<AofM.pdf, id=39, page=10, 614.295pt x 794.97pt>
File: AofM.pdf Graphic file (type pdf)
<use AofM.pdf, page 10>
Package pdftex.def Info: AofM.pdf , page10 used on input line 5.
(pdftex.def)             Requested size: 397.67479pt x 514.63799pt.
File: AofM.pdf Graphic file (type pdf)
<use AofM.pdf, page 10>
Package pdftex.def Info: AofM.pdf , page10 used on input line 5.
(pdftex.def)             Requested size: 397.67479pt x 514.63799pt.
File: AofM.pdf Graphic file (type pdf)
<use AofM.pdf, page 15>
Package pdftex.def Info: AofM.pdf , page15 used on input line 5.
(pdftex.def)             Requested size: 397.67479pt x 514.63799pt.
File: AofM.pdf Graphic file (type pdf)
<use AofM.pdf, page 10>
Package pdftex.def Info: AofM.pdf , page10 used on input line 5.
(pdftex.def)             Requested size: 397.67479pt x 514.63799pt.
 [6

 <./AofM.pdf> <./AofM.pdf>]
<AofM.pdf, id=43, page=14, 614.295pt x 794.97pt>
File: AofM.pdf Graphic file (type pdf)
<use AofM.pdf, page 14>
Package pdftex.def Info: AofM.pdf , page14 used on input line 5.
(pdftex.def)             Requested size: 397.67479pt x 514.63799pt.
File: AofM.pdf Graphic file (type pdf)
<use AofM.pdf, page 14>
Package pdftex.def Info: AofM.pdf , page14 used on input line 5.
(pdftex.def)             Requested size: 397.67479pt x 514.63799pt.
<AofM.pdf, id=44, page=11, 614.295pt x 794.97pt>
File: AofM.pdf Graphic file (type pdf)
<use AofM.pdf, page 11>
Package pdftex.def Info: AofM.pdf , page11 used on input line 5.
(pdftex.def)             Requested size: 397.67479pt x 514.63799pt.
File: AofM.pdf Graphic file (type pdf)
<use AofM.pdf, page 11>
Package pdftex.def Info: AofM.pdf , page11 used on input line 5.
(pdftex.def)             Requested size: 397.67479pt x 514.63799pt.
File: AofM.pdf Graphic file (type pdf)
<use AofM.pdf, page 14>
Package pdftex.def Info: AofM.pdf , page14 used on input line 5.
(pdftex.def)             Requested size: 397.67479pt x 514.63799pt.
File: AofM.pdf Graphic file (type pdf)
<use AofM.pdf, page 11>
Package pdftex.def Info: AofM.pdf , page11 used on input line 5.
(pdftex.def)             Requested size: 397.67479pt x 514.63799pt.
 [7

 <./AofM.pdf> <./AofM.pdf>]
<AofM.pdf, id=49, page=13, 614.295pt x 794.97pt>
File: AofM.pdf Graphic file (type pdf)
<use AofM.pdf, page 13>
Package pdftex.def Info: AofM.pdf , page13 used on input line 5.
(pdftex.def)             Requested size: 397.67479pt x 514.63799pt.
File: AofM.pdf Graphic file (type pdf)
<use AofM.pdf, page 13>
Package pdftex.def Info: AofM.pdf , page13 used on input line 5.
(pdftex.def)             Requested size: 397.67479pt x 514.63799pt.
<AofM.pdf, id=50, page=12, 614.295pt x 794.97pt>
File: AofM.pdf Graphic file (type pdf)
<use AofM.pdf, page 12>
Package pdftex.def Info: AofM.pdf , page12 used on input line 5.
(pdftex.def)             Requested size: 397.67479pt x 514.63799pt.
File: AofM.pdf Graphic file (type pdf)
<use AofM.pdf, page 12>
Package pdftex.def Info: AofM.pdf , page12 used on input line 5.
(pdftex.def)             Requested size: 397.67479pt x 514.63799pt.
File: AofM.pdf Graphic file (type pdf)
<use AofM.pdf, page 13>
Package pdftex.def Info: AofM.pdf , page13 used on input line 5.
(pdftex.def)             Requested size: 397.67479pt x 514.63799pt.
File: AofM.pdf Graphic file (type pdf)
<use AofM.pdf, page 12>
Package pdftex.def Info: AofM.pdf , page12 used on input line 5.
(pdftex.def)             Requested size: 397.67479pt x 514.63799pt.
 [8

 <./AofM.pdf> <./AofM.pdf>]
<AofM.pdf, id=54, page=24, 614.295pt x 794.97pt>
File: AofM.pdf Graphic file (type pdf)
<use AofM.pdf, page 24>
Package pdftex.def Info: AofM.pdf , page24 used on input line 5.
(pdftex.def)             Requested size: 397.67479pt x 514.63799pt.
File: AofM.pdf Graphic file (type pdf)
<use AofM.pdf, page 24>
Package pdftex.def Info: AofM.pdf , page24 used on input line 5.
(pdftex.def)             Requested size: 397.67479pt x 514.63799pt.
<AofM.pdf, id=55, page=17, 614.295pt x 794.97pt>
File: AofM.pdf Graphic file (type pdf)
<use AofM.pdf, page 17>
Package pdftex.def Info: AofM.pdf , page17 used on input line 5.
(pdftex.def)             Requested size: 397.67479pt x 514.63799pt.
File: AofM.pdf Graphic file (type pdf)
<use AofM.pdf, page 17>
Package pdftex.def Info: AofM.pdf , page17 used on input line 5.
(pdftex.def)             Requested size: 397.67479pt x 514.63799pt.
File: AofM.pdf Graphic file (type pdf)
<use AofM.pdf, page 24>
Package pdftex.def Info: AofM.pdf , page24 used on input line 5.
(pdftex.def)             Requested size: 397.67479pt x 514.63799pt.
File: AofM.pdf Graphic file (type pdf)
<use AofM.pdf, page 17>
Package pdftex.def Info: AofM.pdf , page17 used on input line 5.
(pdftex.def)             Requested size: 397.67479pt x 514.63799pt.
 [9

 <./AofM.pdf> <./AofM.pdf>]
<AofM.pdf, id=59, page=23, 614.295pt x 794.97pt>
File: AofM.pdf Graphic file (type pdf)
<use AofM.pdf, page 23>
Package pdftex.def Info: AofM.pdf , page23 used on input line 5.
(pdftex.def)             Requested size: 397.67479pt x 514.63799pt.
File: AofM.pdf Graphic file (type pdf)
<use AofM.pdf, page 23>
Package pdftex.def Info: AofM.pdf , page23 used on input line 5.
(pdftex.def)             Requested size: 397.67479pt x 514.63799pt.
<AofM.pdf, id=60, page=18, 614.295pt x 794.97pt>
File: AofM.pdf Graphic file (type pdf)
<use AofM.pdf, page 18>
Package pdftex.def Info: AofM.pdf , page18 used on input line 5.
(pdftex.def)             Requested size: 397.67479pt x 514.63799pt.
File: AofM.pdf Graphic file (type pdf)
<use AofM.pdf, page 18>
Package pdftex.def Info: AofM.pdf , page18 used on input line 5.
(pdftex.def)             Requested size: 397.67479pt x 514.63799pt.
File: AofM.pdf Graphic file (type pdf)
<use AofM.pdf, page 23>
Package pdftex.def Info: AofM.pdf , page23 used on input line 5.
(pdftex.def)             Requested size: 397.67479pt x 514.63799pt.
File: AofM.pdf Graphic file (type pdf)
<use AofM.pdf, page 18>
Package pdftex.def Info: AofM.pdf , page18 used on input line 5.
(pdftex.def)             Requested size: 397.67479pt x 514.63799pt.
 [10

 <./AofM.pdf> <./AofM.pdf>]
<AofM.pdf, id=64, page=22, 614.295pt x 794.97pt>
File: AofM.pdf Graphic file (type pdf)
<use AofM.pdf, page 22>
Package pdftex.def Info: AofM.pdf , page22 used on input line 5.
(pdftex.def)             Requested size: 397.67479pt x 514.63799pt.
File: AofM.pdf Graphic file (type pdf)
<use AofM.pdf, page 22>
Package pdftex.def Info: AofM.pdf , page22 used on input line 5.
(pdftex.def)             Requested size: 397.67479pt x 514.63799pt.
<AofM.pdf, id=65, page=19, 614.295pt x 794.97pt>
File: AofM.pdf Graphic file (type pdf)
<use AofM.pdf, page 19>
Package pdftex.def Info: AofM.pdf , page19 used on input line 5.
(pdftex.def)             Requested size: 397.67479pt x 514.63799pt.
File: AofM.pdf Graphic file (type pdf)
<use AofM.pdf, page 19>
Package pdftex.def Info: AofM.pdf , page19 used on input line 5.
(pdftex.def)             Requested size: 397.67479pt x 514.63799pt.
File: AofM.pdf Graphic file (type pdf)
<use AofM.pdf, page 22>
Package pdftex.def Info: AofM.pdf , page22 used on input line 5.
(pdftex.def)             Requested size: 397.67479pt x 514.63799pt.
File: AofM.pdf Graphic file (type pdf)
<use AofM.pdf, page 19>
Package pdftex.def Info: AofM.pdf , page19 used on input line 5.
(pdftex.def)             Requested size: 397.67479pt x 514.63799pt.
 [11

 <./AofM.pdf> <./AofM.pdf>]
<AofM.pdf, id=69, page=21, 614.295pt x 794.97pt>
File: AofM.pdf Graphic file (type pdf)
<use AofM.pdf, page 21>
Package pdftex.def Info: AofM.pdf , page21 used on input line 5.
(pdftex.def)             Requested size: 397.67479pt x 514.63799pt.
File: AofM.pdf Graphic file (type pdf)
<use AofM.pdf, page 21>
Package pdftex.def Info: AofM.pdf , page21 used on input line 5.
(pdftex.def)             Requested size: 397.67479pt x 514.63799pt.
<AofM.pdf, id=70, page=20, 614.295pt x 794.97pt>
File: AofM.pdf Graphic file (type pdf)
<use AofM.pdf, page 20>
Package pdftex.def Info: AofM.pdf , page20 used on input line 5.
(pdftex.def)             Requested size: 397.67479pt x 514.63799pt.
File: AofM.pdf Graphic file (type pdf)
<use AofM.pdf, page 20>
Package pdftex.def Info: AofM.pdf , page20 used on input line 5.
(pdftex.def)             Requested size: 397.67479pt x 514.63799pt.
File: AofM.pdf Graphic file (type pdf)
<use AofM.pdf, page 21>
Package pdftex.def Info: AofM.pdf , page21 used on input line 5.
(pdftex.def)             Requested size: 397.67479pt x 514.63799pt.
File: AofM.pdf Graphic file (type pdf)
<use AofM.pdf, page 20>
Package pdftex.def Info: AofM.pdf , page20 used on input line 5.
(pdftex.def)             Requested size: 397.67479pt x 514.63799pt.
 [12

 <./AofM.pdf> <./AofM.pdf>]
<AofM.pdf, id=74, page=32, 614.295pt x 794.97pt>
File: AofM.pdf Graphic file (type pdf)
<use AofM.pdf, page 32>
Package pdftex.def Info: AofM.pdf , page32 used on input line 5.
(pdftex.def)             Requested size: 397.67479pt x 514.63799pt.
File: AofM.pdf Graphic file (type pdf)
<use AofM.pdf, page 32>
Package pdftex.def Info: AofM.pdf , page32 used on input line 5.
(pdftex.def)             Requested size: 397.67479pt x 514.63799pt.
<AofM.pdf, id=75, page=25, 614.295pt x 794.97pt>
File: AofM.pdf Graphic file (type pdf)
<use AofM.pdf, page 25>
Package pdftex.def Info: AofM.pdf , page25 used on input line 5.
(pdftex.def)             Requested size: 397.67479pt x 514.63799pt.
File: AofM.pdf Graphic file (type pdf)
<use AofM.pdf, page 25>
Package pdftex.def Info: AofM.pdf , page25 used on input line 5.
(pdftex.def)             Requested size: 397.67479pt x 514.63799pt.
File: AofM.pdf Graphic file (type pdf)
<use AofM.pdf, page 32>
Package pdftex.def Info: AofM.pdf , page32 used on input line 5.
(pdftex.def)             Requested size: 397.67479pt x 514.63799pt.
File: AofM.pdf Graphic file (type pdf)
<use AofM.pdf, page 25>
Package pdftex.def Info: AofM.pdf , page25 used on input line 5.
(pdftex.def)             Requested size: 397.67479pt x 514.63799pt.
 [13

 <./AofM.pdf{C:/Users/drags/AppData/Local/MiKTeX/fonts/map/pdftex/pdftex.map}> <./AofM.pdf>]
<AofM.pdf, id=122, page=31, 614.295pt x 794.97pt>
File: AofM.pdf Graphic file (type pdf)
<use AofM.pdf, page 31>
Package pdftex.def Info: AofM.pdf , page31 used on input line 5.
(pdftex.def)             Requested size: 397.67479pt x 514.63799pt.
File: AofM.pdf Graphic file (type pdf)
<use AofM.pdf, page 31>
Package pdftex.def Info: AofM.pdf , page31 used on input line 5.
(pdftex.def)             Requested size: 397.67479pt x 514.63799pt.
<AofM.pdf, id=123, page=26, 614.295pt x 794.97pt>
File: AofM.pdf Graphic file (type pdf)
<use AofM.pdf, page 26>
Package pdftex.def Info: AofM.pdf , page26 used on input line 5.
(pdftex.def)             Requested size: 397.67479pt x 514.63799pt.
File: AofM.pdf Graphic file (type pdf)
<use AofM.pdf, page 26>
Package pdftex.def Info: AofM.pdf , page26 used on input line 5.
(pdftex.def)             Requested size: 397.67479pt x 514.63799pt.
File: AofM.pdf Graphic file (type pdf)
<use AofM.pdf, page 31>
Package pdftex.def Info: AofM.pdf , page31 used on input line 5.
(pdftex.def)             Requested size: 397.67479pt x 514.63799pt.
File: AofM.pdf Graphic file (type pdf)
<use AofM.pdf, page 26>
Package pdftex.def Info: AofM.pdf , page26 used on input line 5.
(pdftex.def)             Requested size: 397.67479pt x 514.63799pt.
 [14

 <./AofM.pdf> <./AofM.pdf>]
<AofM.pdf, id=135, page=30, 614.295pt x 794.97pt>
File: AofM.pdf Graphic file (type pdf)
<use AofM.pdf, page 30>
Package pdftex.def Info: AofM.pdf , page30 used on input line 5.
(pdftex.def)             Requested size: 397.67479pt x 514.63799pt.
File: AofM.pdf Graphic file (type pdf)
<use AofM.pdf, page 30>
Package pdftex.def Info: AofM.pdf , page30 used on input line 5.
(pdftex.def)             Requested size: 397.67479pt x 514.63799pt.
<AofM.pdf, id=136, page=27, 614.295pt x 794.97pt>
File: AofM.pdf Graphic file (type pdf)
<use AofM.pdf, page 27>
Package pdftex.def Info: AofM.pdf , page27 used on input line 5.
(pdftex.def)             Requested size: 397.67479pt x 514.63799pt.
File: AofM.pdf Graphic file (type pdf)
<use AofM.pdf, page 27>
Package pdftex.def Info: AofM.pdf , page27 used on input line 5.
(pdftex.def)             Requested size: 397.67479pt x 514.63799pt.
File: AofM.pdf Graphic file (type pdf)
<use AofM.pdf, page 30>
Package pdftex.def Info: AofM.pdf , page30 used on input line 5.
(pdftex.def)             Requested size: 397.67479pt x 514.63799pt.
File: AofM.pdf Graphic file (type pdf)
<use AofM.pdf, page 27>
Package pdftex.def Info: AofM.pdf , page27 used on input line 5.
(pdftex.def)             Requested size: 397.67479pt x 514.63799pt.
 [15

 <./AofM.pdf> <./AofM.pdf>]
<AofM.pdf, id=150, page=29, 614.295pt x 794.97pt>
File: AofM.pdf Graphic file (type pdf)
<use AofM.pdf, page 29>
Package pdftex.def Info: AofM.pdf , page29 used on input line 5.
(pdftex.def)             Requested size: 397.67479pt x 514.63799pt.
File: AofM.pdf Graphic file (type pdf)
<use AofM.pdf, page 29>
Package pdftex.def Info: AofM.pdf , page29 used on input line 5.
(pdftex.def)             Requested size: 397.67479pt x 514.63799pt.
<AofM.pdf, id=151, page=28, 614.295pt x 794.97pt>
File: AofM.pdf Graphic file (type pdf)
<use AofM.pdf, page 28>
Package pdftex.def Info: AofM.pdf , page28 used on input line 5.
(pdftex.def)             Requested size: 397.67479pt x 514.63799pt.
File: AofM.pdf Graphic file (type pdf)
<use AofM.pdf, page 28>
Package pdftex.def Info: AofM.pdf , page28 used on input line 5.
(pdftex.def)             Requested size: 397.67479pt x 514.63799pt.
File: AofM.pdf Graphic file (type pdf)
<use AofM.pdf, page 29>
Package pdftex.def Info: AofM.pdf , page29 used on input line 5.
(pdftex.def)             Requested size: 397.67479pt x 514.63799pt.
File: AofM.pdf Graphic file (type pdf)
<use AofM.pdf, page 28>
Package pdftex.def Info: AofM.pdf , page28 used on input line 5.
(pdftex.def)             Requested size: 397.67479pt x 514.63799pt.
 [16

 <./AofM.pdf> <./AofM.pdf>]
File: AofM.pdf Graphic file (type pdf)
<use AofM.pdf, page 1>
Package pdftex.def Info: AofM.pdf , page1 used on input line 5.
(pdftex.def)             Requested size: 397.67479pt x 514.63799pt.
File: AofM.pdf Graphic file (type pdf)
<use AofM.pdf, page 1>
Package pdftex.def Info: AofM.pdf , page1 used on input line 5.
(pdftex.def)             Requested size: 397.67479pt x 514.63799pt.
<AofM.pdf, id=163, page=33, 614.295pt x 794.97pt>
File: AofM.pdf Graphic file (type pdf)
<use AofM.pdf, page 33>
Package pdftex.def Info: AofM.pdf , page33 used on input line 5.
(pdftex.def)             Requested size: 397.67479pt x 514.63799pt.
File: AofM.pdf Graphic file (type pdf)
<use AofM.pdf, page 33>
Package pdftex.def Info: AofM.pdf , page33 used on input line 5.
(pdftex.def)             Requested size: 397.67479pt x 514.63799pt.
File: AofM.pdf Graphic file (type pdf)
<use AofM.pdf, page 33>
Package pdftex.def Info: AofM.pdf , page33 used on input line 5.
(pdftex.def)             Requested size: 397.67479pt x 514.63799pt.
 [17

 <./AofM.pdf>]
File: AofM.pdf Graphic file (type pdf)
<use AofM.pdf, page 1>
Package pdftex.def Info: AofM.pdf , page1 used on input line 5.
(pdftex.def)             Requested size: 397.67479pt x 514.63799pt.
File: AofM.pdf Graphic file (type pdf)
<use AofM.pdf, page 1>
Package pdftex.def Info: AofM.pdf , page1 used on input line 5.
(pdftex.def)             Requested size: 397.67479pt x 514.63799pt.
<AofM.pdf, id=167, page=34, 614.295pt x 794.97pt>
File: AofM.pdf Graphic file (type pdf)
<use AofM.pdf, page 34>
Package pdftex.def Info: AofM.pdf , page34 used on input line 5.
(pdftex.def)             Requested size: 397.67479pt x 514.63799pt.
File: AofM.pdf Graphic file (type pdf)
<use AofM.pdf, page 34>
Package pdftex.def Info: AofM.pdf , page34 used on input line 5.
(pdftex.def)             Requested size: 397.67479pt x 514.63799pt.
File: AofM.pdf Graphic file (type pdf)
<use AofM.pdf, page 34>
Package pdftex.def Info: AofM.pdf , page34 used on input line 5.
(pdftex.def)             Requested size: 397.67479pt x 514.63799pt.
 [18

 <./AofM.pdf>]
<AofM.pdf, id=171, page=38, 614.295pt x 794.97pt>
File: AofM.pdf Graphic file (type pdf)
<use AofM.pdf, page 38>
Package pdftex.def Info: AofM.pdf , page38 used on input line 5.
(pdftex.def)             Requested size: 397.67479pt x 514.63799pt.
File: AofM.pdf Graphic file (type pdf)
<use AofM.pdf, page 38>
Package pdftex.def Info: AofM.pdf , page38 used on input line 5.
(pdftex.def)             Requested size: 397.67479pt x 514.63799pt.
<AofM.pdf, id=172, page=35, 614.295pt x 794.97pt>
File: AofM.pdf Graphic file (type pdf)
<use AofM.pdf, page 35>
Package pdftex.def Info: AofM.pdf , page35 used on input line 5.
(pdftex.def)             Requested size: 397.67479pt x 514.63799pt.
File: AofM.pdf Graphic file (type pdf)
<use AofM.pdf, page 35>
Package pdftex.def Info: AofM.pdf , page35 used on input line 5.
(pdftex.def)             Requested size: 397.67479pt x 514.63799pt.
File: AofM.pdf Graphic file (type pdf)
<use AofM.pdf, page 38>
Package pdftex.def Info: AofM.pdf , page38 used on input line 5.
(pdftex.def)             Requested size: 397.67479pt x 514.63799pt.
File: AofM.pdf Graphic file (type pdf)
<use AofM.pdf, page 35>
Package pdftex.def Info: AofM.pdf , page35 used on input line 5.
(pdftex.def)             Requested size: 397.67479pt x 514.63799pt.
 [19

 <./AofM.pdf> <./AofM.pdf>]
<AofM.pdf, id=177, page=37, 614.295pt x 794.97pt>
File: AofM.pdf Graphic file (type pdf)
<use AofM.pdf, page 37>
Package pdftex.def Info: AofM.pdf , page37 used on input line 5.
(pdftex.def)             Requested size: 397.67479pt x 514.63799pt.
File: AofM.pdf Graphic file (type pdf)
<use AofM.pdf, page 37>
Package pdftex.def Info: AofM.pdf , page37 used on input line 5.
(pdftex.def)             Requested size: 397.67479pt x 514.63799pt.
<AofM.pdf, id=178, page=36, 614.295pt x 794.97pt>
File: AofM.pdf Graphic file (type pdf)
<use AofM.pdf, page 36>
Package pdftex.def Info: AofM.pdf , page36 used on input line 5.
(pdftex.def)             Requested size: 397.67479pt x 514.63799pt.
File: AofM.pdf Graphic file (type pdf)
<use AofM.pdf, page 36>
Package pdftex.def Info: AofM.pdf , page36 used on input line 5.
(pdftex.def)             Requested size: 397.67479pt x 514.63799pt.
File: AofM.pdf Graphic file (type pdf)
<use AofM.pdf, page 37>
Package pdftex.def Info: AofM.pdf , page37 used on input line 5.
(pdftex.def)             Requested size: 397.67479pt x 514.63799pt.
File: AofM.pdf Graphic file (type pdf)
<use AofM.pdf, page 36>
Package pdftex.def Info: AofM.pdf , page36 used on input line 5.
(pdftex.def)             Requested size: 397.67479pt x 514.63799pt.
 [20

 <./AofM.pdf> <./AofM.pdf>] (AnthologyOfMind.aux)
 ***********
LaTeX2e <2023-11-01>
L3 programming layer <2023-11-09>
 ***********
 ) 
Here is how much of TeX's memory you used:
 2836 strings out of 474587
 48302 string characters out of 5745702
 1925558 words of memory out of 5000000
 25025 multiletter control sequences out of 15000+600000
 558069 words of font info for 36 fonts, out of 8000000 for 9000
 1141 hyphenation exceptions out of 8191
 72i,19n,79p,272b,477s stack positions out of 10000i,1000n,20000p,200000b,200000s
<C:/Users/drags/AppData/Local/Programs/MiKTeX/fonts/type1/public/amsfonts/cm/cmex10.pfb><C:/Users/drags/AppData/Local/Programs/MiKTeX/fonts/type1/public/amsfonts/cm/cmmi10.pfb><C:/Users/drags/AppData/Local/Programs/MiKTeX/fonts/type1/public/amsfonts/cm/cmmi12.pfb><C:/Users/drags/AppData/Local/Programs/MiKTeX/fonts/type1/public/amsfonts/cm/cmmi6.pfb><C:/Users/drags/AppData/Local/Programs/MiKTeX/fonts/type1/public/amsfonts/cm/cmmi8.pfb><C:/Users/drags/AppData/Local/Programs/MiKTeX/fonts/type1/public/amsfonts/cm/cmr10.pfb><C:/Users/drags/AppData/Local/Programs/MiKTeX/fonts/type1/public/amsfonts/cm/cmr12.pfb><C:/Users/drags/AppData/Local/Programs/MiKTeX/fonts/type1/public/amsfonts/cm/cmr8.pfb><C:/Users/drags/AppData/Local/Programs/MiKTeX/fonts/type1/public/amsfonts/cm/cmsy10.pfb><C:/Users/drags/AppData/Local/Programs/MiKTeX/fonts/type1/public/amsfonts/cm/cmsy8.pfb><C:/Users/drags/AppData/Local/Programs/MiKTeX/fonts/type1/public/amsfonts/symbols/msbm10.pfb>
Output written on AnthologyOfMind.pdf (20 pages, 1369428 bytes).
PDF statistics:
 213 PDF objects out of 1000 (max. 8388607)
 0 named destinations out of 1000 (max. 500000)
 206 words of extra memory for PDF output out of 10000 (max. 10000000)

